2018-01-22 19:01:55		INFO		MQTT_CLIENT             Trying to connect to 'localhost:1883' as b'root-74:e5:0b:3b:20:58' with keepalive 60, 2 second/s delay
2018-01-22 19:01:55		INFO		MQTT_CLIENT             Client connected on broker
2018-01-22 19:05:29		WARNING		MQTT_CLIENT             Upcoming sync/registration request, data: 'node-60:1:94:35:cf:d'
2018-01-22 19:05:29		INFO		MQTT_CLIENT             Node 'node-60:1:94:35:cf:d' has successfully been verified
2018-01-22 19:05:29		WARNING		MQTT_CLIENT             Upcoming sync/registration request, data: 'node-60:1:94:35:cf:d;2;senzor|1|DHT22|temperatura|C|5|vlaga|%|5;senzor|2|BME280|temperatura|C|5|vlaga|%|5|tlak|Pa|5'
2018-01-22 19:05:29		INFO		MQTT_CLIENT             Node 'node-60:1:94:35:cf:d' has successfully been verified
2018-01-22 19:05:29		INFO		MQTT_CLIENT             Config setup for node 'node-60:1:94:35:cf:d' is completed
2018-01-22 19:05:29		INFO		MQTT_CLIENT             Confirmation sent to node 'node-60:1:94:35:cf:d'
2018-01-22 19:07:11		WARNING		MQTT_CLIENT             Upcoming sync/registration request, data: 'node-60:1:94:35:cf:d'
2018-01-22 19:07:11		INFO		MQTT_CLIENT             Node 'node-60:1:94:35:cf:d' has successfully been verified
2018-01-22 19:07:11		INFO		MQTT_CLIENT             Confirmation sent to node 'node-60:1:94:35:cf:d'
2018-01-22 19:07:21		WARNING		MQTT_CLIENT             Upcoming sync/registration request, data: 'node-60:1:94:35:cf:d'
2018-01-22 19:07:21		INFO		MQTT_CLIENT             Node 'node-60:1:94:35:cf:d' has successfully been verified
2018-01-22 19:07:21		INFO		MQTT_CLIENT             Confirmation sent to node 'node-60:1:94:35:cf:d'
2018-01-22 19:08:15		WARNING		MQTT_CLIENT             Upcoming sync/registration request, data: 'node-60:1:94:35:cf:d'
2018-01-22 19:08:15		INFO		MQTT_CLIENT             Node 'node-60:1:94:35:cf:d' has successfully been verified
2018-01-22 19:08:15		INFO		MQTT_CLIENT             Confirmation sent to node 'node-60:1:94:35:cf:d'
2018-01-22 19:09:11		WARNING		MQTT_CLIENT             Upcoming sync/registration request, data: 'node-60:1:94:35:cf:d'
2018-01-22 19:09:11		INFO		MQTT_CLIENT             Node 'node-60:1:94:35:cf:d' has successfully been verified
2018-01-22 19:09:11		INFO		MQTT_CLIENT             Confirmation sent to node 'node-60:1:94:35:cf:d'
2018-01-22 19:11:48		WARNING		MQTT_CLIENT             Upcoming sync/registration request, data: 'node-60:1:94:35:cf:d'
2018-01-22 19:11:48		INFO		MQTT_CLIENT             Node 'node-60:1:94:35:cf:d' has successfully been verified
2018-01-22 19:11:48		INFO		MQTT_CLIENT             Confirmation sent to node 'node-60:1:94:35:cf:d'
