2018-01-22 20:25:08		INFO		MQTT_CLIENT             Trying to connect to 'localhost:1883' as b'root-74:e5:0b:3b:20:58' with keepalive 60, 2 second/s delay
2018-01-22 20:25:08		INFO		MQTT_CLIENT             Client connected on broker
2018-01-22 20:25:09		WARNING		MQTT_CLIENT             Upcoming sync/registration request, data: 'node-5c:cf:7f:10:3d:72'
2018-01-22 20:25:09		INFO		MQTT_CLIENT             Node 'node-5c:cf:7f:10:3d:72' has successfully been verified
2018-01-22 20:26:09		INFO		MQTT_CLIENT             
2018-01-22 20:26:09		WARNING		MQTT_CLIENT             Upcoming sync/registration request, data: 'node-5c:cf:7f:10:3d:72'
2018-01-22 20:26:09		INFO		MQTT_CLIENT             Node 'node-5c:cf:7f:10:3d:72' has successfully been verified
2018-01-22 20:26:10		INFO		MQTT_CLIENT             
2018-01-22 20:26:10		WARNING		MQTT_CLIENT             Upcoming sync/registration request, data: 'node-5c:cf:7f:10:3d:72'
2018-01-22 20:26:10		INFO		MQTT_CLIENT             Node 'node-5c:cf:7f:10:3d:72' has successfully been verified
2018-01-22 20:26:16		INFO		MQTT_CLIENT             
2018-01-22 20:26:16		WARNING		MQTT_CLIENT             Upcoming sync/registration request, data: 'node-5c:cf:7f:10:3d:72'
2018-01-22 20:26:16		INFO		MQTT_CLIENT             Node 'node-5c:cf:7f:10:3d:72' has successfully been verified
2018-01-22 20:26:18		INFO		MQTT_CLIENT             
2018-01-22 20:26:18		WARNING		MQTT_CLIENT             Upcoming sync/registration request, data: 'node-5c:cf:7f:10:3d:72'
2018-01-22 20:26:18		INFO		MQTT_CLIENT             Node 'node-5c:cf:7f:10:3d:72' has successfully been verified
2018-01-22 20:26:20		INFO		MQTT_CLIENT             
2018-01-22 20:26:20		WARNING		MQTT_CLIENT             Upcoming sync/registration request, data: 'node-5c:cf:7f:10:3d:72'
2018-01-22 20:26:20		INFO		MQTT_CLIENT             Node 'node-5c:cf:7f:10:3d:72' has successfully been verified
2018-01-22 20:26:41		INFO		MQTT_CLIENT             
2018-01-22 20:26:41		WARNING		MQTT_CLIENT             Upcoming sync/registration request, data: 'node-5c:cf:7f:10:3d:72'
2018-01-22 20:26:44		INFO		MQTT_CLIENT             Node 'node-5c:cf:7f:10:3d:72' has successfully been verified
2018-01-22 20:27:43		INFO		MQTT_CLIENT             
2018-01-22 20:28:40		WARNING		MQTT_CLIENT             Upcoming sync/registration request, data: 'node-5c:cf:7f:10:3d:72'
