2018-01-22 20:22:59		INFO		MQTT_CLIENT             Trying to connect to 'localhost:1883' as b'root-74:e5:0b:3b:20:58' with keepalive 60, 2 second/s delay
2018-01-22 20:22:59		INFO		MQTT_CLIENT             Client connected on broker
2018-01-22 20:24:25		WARNING		MQTT_CLIENT             Upcoming sync/registration request, data: 'node-5c:cf:7f:10:3d:72'
2018-01-22 20:24:25		INFO		MQTT_CLIENT             Node 'node-5c:cf:7f:10:3d:72' has successfully been verified
2018-01-22 20:24:25		INFO		MQTT_CLIENT             
2018-01-22 20:24:26		WARNING		MQTT_CLIENT             Upcoming sync/registration request, data: 'node-5c:cf:7f:10:3d:72'
2018-01-22 20:24:26		INFO		MQTT_CLIENT             Node 'node-5c:cf:7f:10:3d:72' has successfully been verified
2018-01-22 20:24:26		INFO		MQTT_CLIENT             
2018-01-22 20:24:27		WARNING		MQTT_CLIENT             Upcoming sync/registration request, data: 'node-5c:cf:7f:10:3d:72'
2018-01-22 20:24:27		INFO		MQTT_CLIENT             Node 'node-5c:cf:7f:10:3d:72' has successfully been verified
2018-01-22 20:24:27		INFO		MQTT_CLIENT             
2018-01-22 20:24:28		WARNING		MQTT_CLIENT             Upcoming sync/registration request, data: 'node-5c:cf:7f:10:3d:72'
2018-01-22 20:24:28		INFO		MQTT_CLIENT             Node 'node-5c:cf:7f:10:3d:72' has successfully been verified
2018-01-22 20:24:28		INFO		MQTT_CLIENT             
2018-01-22 20:24:29		WARNING		MQTT_CLIENT             Upcoming sync/registration request, data: 'node-5c:cf:7f:10:3d:72'
2018-01-22 20:24:29		INFO		MQTT_CLIENT             Node 'node-5c:cf:7f:10:3d:72' has successfully been verified
2018-01-22 20:24:29		INFO		MQTT_CLIENT             
2018-01-22 20:24:30		WARNING		MQTT_CLIENT             Upcoming sync/registration request, data: 'node-5c:cf:7f:10:3d:72'
2018-01-22 20:24:30		INFO		MQTT_CLIENT             Node 'node-5c:cf:7f:10:3d:72' has successfully been verified
2018-01-22 20:24:30		INFO		MQTT_CLIENT             
2018-01-22 20:24:31		WARNING		MQTT_CLIENT             Upcoming sync/registration request, data: 'node-5c:cf:7f:10:3d:72'
2018-01-22 20:24:31		INFO		MQTT_CLIENT             Node 'node-5c:cf:7f:10:3d:72' has successfully been verified
2018-01-22 20:24:31		INFO		MQTT_CLIENT             
2018-01-22 20:24:33		WARNING		MQTT_CLIENT             Upcoming sync/registration request, data: 'node-5c:cf:7f:10:3d:72'
2018-01-22 20:24:33		INFO		MQTT_CLIENT             Node 'node-5c:cf:7f:10:3d:72' has successfully been verified
2018-01-22 20:24:33		INFO		MQTT_CLIENT             
2018-01-22 20:24:34		WARNING		MQTT_CLIENT             Upcoming sync/registration request, data: 'node-5c:cf:7f:10:3d:72'
2018-01-22 20:24:34		INFO		MQTT_CLIENT             Node 'node-5c:cf:7f:10:3d:72' has successfully been verified
2018-01-22 20:24:34		INFO		MQTT_CLIENT             
2018-01-22 20:24:35		WARNING		MQTT_CLIENT             Upcoming sync/registration request, data: 'node-5c:cf:7f:10:3d:72'
2018-01-22 20:24:35		INFO		MQTT_CLIENT             Node 'node-5c:cf:7f:10:3d:72' has successfully been verified
2018-01-22 20:24:35		INFO		MQTT_CLIENT             
2018-01-22 20:24:36		WARNING		MQTT_CLIENT             Upcoming sync/registration request, data: 'node-5c:cf:7f:10:3d:72'
2018-01-22 20:24:36		INFO		MQTT_CLIENT             Node 'node-5c:cf:7f:10:3d:72' has successfully been verified
2018-01-22 20:24:36		INFO		MQTT_CLIENT             
2018-01-22 20:24:37		WARNING		MQTT_CLIENT             Upcoming sync/registration request, data: 'node-5c:cf:7f:10:3d:72'
2018-01-22 20:24:37		INFO		MQTT_CLIENT             Node 'node-5c:cf:7f:10:3d:72' has successfully been verified
2018-01-22 20:24:37		INFO		MQTT_CLIENT             
2018-01-22 20:24:38		WARNING		MQTT_CLIENT             Upcoming sync/registration request, data: 'node-5c:cf:7f:10:3d:72'
2018-01-22 20:24:38		INFO		MQTT_CLIENT             Node 'node-5c:cf:7f:10:3d:72' has successfully been verified
2018-01-22 20:24:38		INFO		MQTT_CLIENT             
2018-01-22 20:24:39		WARNING		MQTT_CLIENT             Upcoming sync/registration request, data: 'node-5c:cf:7f:10:3d:72'
2018-01-22 20:24:39		INFO		MQTT_CLIENT             Node 'node-5c:cf:7f:10:3d:72' has successfully been verified
2018-01-22 20:24:39		INFO		MQTT_CLIENT             
2018-01-22 20:24:40		WARNING		MQTT_CLIENT             Upcoming sync/registration request, data: 'node-5c:cf:7f:10:3d:72'
2018-01-22 20:24:40		INFO		MQTT_CLIENT             Node 'node-5c:cf:7f:10:3d:72' has successfully been verified
2018-01-22 20:24:40		INFO		MQTT_CLIENT             
2018-01-22 20:24:41		WARNING		MQTT_CLIENT             Upcoming sync/registration request, data: 'node-5c:cf:7f:10:3d:72'
2018-01-22 20:24:41		INFO		MQTT_CLIENT             Node 'node-5c:cf:7f:10:3d:72' has successfully been verified
2018-01-22 20:24:41		INFO		MQTT_CLIENT             
2018-01-22 20:24:42		WARNING		MQTT_CLIENT             Upcoming sync/registration request, data: 'node-5c:cf:7f:10:3d:72'
2018-01-22 20:24:42		INFO		MQTT_CLIENT             Node 'node-5c:cf:7f:10:3d:72' has successfully been verified
2018-01-22 20:24:42		INFO		MQTT_CLIENT             
2018-01-22 20:24:43		WARNING		MQTT_CLIENT             Upcoming sync/registration request, data: 'node-5c:cf:7f:10:3d:72'
2018-01-22 20:24:43		INFO		MQTT_CLIENT             Node 'node-5c:cf:7f:10:3d:72' has successfully been verified
2018-01-22 20:24:43		INFO		MQTT_CLIENT             
2018-01-22 20:24:44		WARNING		MQTT_CLIENT             Upcoming sync/registration request, data: 'node-5c:cf:7f:10:3d:72'
2018-01-22 20:24:44		INFO		MQTT_CLIENT             Node 'node-5c:cf:7f:10:3d:72' has successfully been verified
2018-01-22 20:24:44		INFO		MQTT_CLIENT             
2018-01-22 20:24:46		WARNING		MQTT_CLIENT             Upcoming sync/registration request, data: 'node-5c:cf:7f:10:3d:72'
2018-01-22 20:24:46		INFO		MQTT_CLIENT             Node 'node-5c:cf:7f:10:3d:72' has successfully been verified
2018-01-22 20:24:46		INFO		MQTT_CLIENT             
2018-01-22 20:24:47		WARNING		MQTT_CLIENT             Upcoming sync/registration request, data: 'node-5c:cf:7f:10:3d:72'
2018-01-22 20:24:47		INFO		MQTT_CLIENT             Node 'node-5c:cf:7f:10:3d:72' has successfully been verified
2018-01-22 20:24:47		INFO		MQTT_CLIENT             
2018-01-22 20:24:48		WARNING		MQTT_CLIENT             Upcoming sync/registration request, data: 'node-5c:cf:7f:10:3d:72'
2018-01-22 20:24:48		INFO		MQTT_CLIENT             Node 'node-5c:cf:7f:10:3d:72' has successfully been verified
2018-01-22 20:24:48		INFO		MQTT_CLIENT             
2018-01-22 20:24:49		WARNING		MQTT_CLIENT             Upcoming sync/registration request, data: 'node-5c:cf:7f:10:3d:72'
2018-01-22 20:24:49		INFO		MQTT_CLIENT             Node 'node-5c:cf:7f:10:3d:72' has successfully been verified
2018-01-22 20:24:49		INFO		MQTT_CLIENT             
2018-01-22 20:24:50		WARNING		MQTT_CLIENT             Upcoming sync/registration request, data: 'node-5c:cf:7f:10:3d:72'
2018-01-22 20:24:50		INFO		MQTT_CLIENT             Node 'node-5c:cf:7f:10:3d:72' has successfully been verified
2018-01-22 20:24:50		INFO		MQTT_CLIENT             
